* using log directory 'C:/Users/Dilet/Desktop/Milano/Novelty/Causality/aRRpackage/ecoflex.Rcheck'
* using R version 4.5.1 (2025-06-13 ucrt)
* using platform: x86_64-w64-mingw32
* R was compiled by
    gcc.exe (GCC) 14.2.0
    GNU Fortran (GCC) 14.2.0
* running under: Windows 11 x64 (build 26200)
* using session charset: UTF-8
* using option '--as-cran'
* checking for file 'ecoflex/DESCRIPTION' ... OK
* this is package 'ecoflex' version '0.1.0'
* package encoding: UTF-8
* checking CRAN incoming feasibility ... [12s] NOTE
Maintainer: 'Diletta Abbonato <diletta.abbonato@unito.it>'

New submission

Found the following (possibly) invalid URLs:
  URL: https://github.com/PLACEHOLDER/ecoflex/actions/workflows/R-CMD-check.yaml
    From: README.md
    Status: 404
    Message: Not Found
* checking package namespace information ... OK
* checking package dependencies ... ERROR
Package suggested but not available: 'testthat'

The suggested packages are required for a complete check.
Checking can be attempted without them by setting the environment
variable _R_CHECK_FORCE_SUGGESTS_ to a false value.

See section 'The DESCRIPTION file' in the 'Writing R Extensions'
manual.
* DONE
Status: 1 ERROR, 1 NOTE
